[debug] [2024-10-20T11:40:07.386Z] ----------------------------------------------------------------------
[debug] [2024-10-20T11:40:07.387Z] Command:       /opt/homebrew/Cellar/node/21.7.3/bin/node /opt/homebrew/bin/firebase init
[debug] [2024-10-20T11:40:07.387Z] CLI Version:   13.22.1
[debug] [2024-10-20T11:40:07.387Z] Platform:      darwin
[debug] [2024-10-20T11:40:07.387Z] Node Version:  v21.7.3
[debug] [2024-10-20T11:40:07.388Z] Time:          Sun Oct 20 2024 13:40:07 GMT+0200 (Central European Summer Time)
[debug] [2024-10-20T11:40:07.388Z] ----------------------------------------------------------------------
[debug] 
[debug] [2024-10-20T11:40:07.392Z] > command requires scopes: ["email","openid","https://www.googleapis.com/auth/cloudplatformprojects.readonly","https://www.googleapis.com/auth/firebase","https://www.googleapis.com/auth/cloud-platform"]
[debug] [2024-10-20T11:40:07.392Z] > authorizing via signed-in user (saidi.soundos2002@gmail.com)
[info] 
     ######## #### ########  ######## ########     ###     ######  ########
     ##        ##  ##     ## ##       ##     ##  ##   ##  ##       ##
     ######    ##  ########  ######   ########  #########  ######  ######
     ##        ##  ##    ##  ##       ##     ## ##     ##       ## ##
     ##       #### ##     ## ######## ########  ##     ##  ######  ########

You're about to initialize a Firebase project in this directory:

  /Users/soundossaidi/WebstormProjects/AdvancedMD-frontend

[info] 
=== Project Setup
[info] 
[info] First, let's associate this project directory with a Firebase project.
[info] You can create multiple project aliases by running firebase use --add, 
[info] but for now we'll just set up a default project.
[info] 
[info] i  If you want to create a project in a Google Cloud organization or folder, please use "firebase projects:create" instead, and return to this command when you've created the project. 
[debug] [2024-10-20T11:40:59.932Z] Checked if tokens are valid: true, expires at: 1729427486106
[debug] [2024-10-20T11:40:59.933Z] Checked if tokens are valid: true, expires at: 1729427486106
[debug] [2024-10-20T11:40:59.935Z] >>> [apiv2][query] POST https://cloudresourcemanager.googleapis.com/v1/projects [none]
[debug] [2024-10-20T11:40:59.935Z] >>> [apiv2][body] POST https://cloudresourcemanager.googleapis.com/v1/projects {"projectId":"hospital-management-frontend","name":"hospital-management-frontend"}
[debug] [2024-10-20T11:41:01.047Z] <<< [apiv2][status] POST https://cloudresourcemanager.googleapis.com/v1/projects 200
[debug] [2024-10-20T11:41:01.047Z] <<< [apiv2][body] POST https://cloudresourcemanager.googleapis.com/v1/projects {"name":"operations/cp.8288972477639738634"}
[debug] [2024-10-20T11:41:01.048Z] Checked if tokens are valid: true, expires at: 1729427486106
[debug] [2024-10-20T11:41:01.049Z] Checked if tokens are valid: true, expires at: 1729427486106
[debug] [2024-10-20T11:41:01.049Z] >>> [apiv2][query] GET https://cloudresourcemanager.googleapis.com/v1/operations/cp.8288972477639738634 [none]
[debug] [2024-10-20T11:41:02.036Z] <<< [apiv2][status] GET https://cloudresourcemanager.googleapis.com/v1/operations/cp.8288972477639738634 200
[debug] [2024-10-20T11:41:02.036Z] <<< [apiv2][body] GET https://cloudresourcemanager.googleapis.com/v1/operations/cp.8288972477639738634 {"name":"operations/cp.8288972477639738634"}
[debug] [2024-10-20T11:41:02.539Z] [Project Creation Poller] Retrying task index 0
[debug] [2024-10-20T11:41:02.540Z] Checked if tokens are valid: true, expires at: 1729427486106
[debug] [2024-10-20T11:41:02.540Z] Checked if tokens are valid: true, expires at: 1729427486106
[debug] [2024-10-20T11:41:02.541Z] >>> [apiv2][query] GET https://cloudresourcemanager.googleapis.com/v1/operations/cp.8288972477639738634 [none]
[debug] [2024-10-20T11:41:02.884Z] <<< [apiv2][status] GET https://cloudresourcemanager.googleapis.com/v1/operations/cp.8288972477639738634 200
[debug] [2024-10-20T11:41:02.885Z] <<< [apiv2][body] GET https://cloudresourcemanager.googleapis.com/v1/operations/cp.8288972477639738634 {"name":"operations/cp.8288972477639738634"}
[debug] [2024-10-20T11:41:03.886Z] [Project Creation Poller] Retrying task index 0
[debug] [2024-10-20T11:41:03.888Z] Checked if tokens are valid: true, expires at: 1729427486106
[debug] [2024-10-20T11:41:03.888Z] Checked if tokens are valid: true, expires at: 1729427486106
[debug] [2024-10-20T11:41:03.888Z] >>> [apiv2][query] GET https://cloudresourcemanager.googleapis.com/v1/operations/cp.8288972477639738634 [none]
[debug] [2024-10-20T11:41:04.391Z] <<< [apiv2][status] GET https://cloudresourcemanager.googleapis.com/v1/operations/cp.8288972477639738634 200
[debug] [2024-10-20T11:41:04.392Z] <<< [apiv2][body] GET https://cloudresourcemanager.googleapis.com/v1/operations/cp.8288972477639738634 {"name":"operations/cp.8288972477639738634","metadata":{"@type":"type.googleapis.com/google.cloudresourcemanager.v1.ProjectCreationStatus","gettable":true,"ready":true},"done":true,"response":{"@type":"type.googleapis.com/google.cloudresourcemanager.v1.Project","projectNumber":"16005013172","projectId":"hospital-management-frontend","lifecycleState":"ACTIVE","name":"hospital-management-frontend","createTime":"2024-10-20T11:41:02.459051Z"}}
[debug] [2024-10-20T11:41:04.394Z] Checked if tokens are valid: true, expires at: 1729427486106
[debug] [2024-10-20T11:41:04.394Z] Checked if tokens are valid: true, expires at: 1729427486106
[debug] [2024-10-20T11:41:04.395Z] >>> [apiv2][query] POST https://firebase.googleapis.com/v1beta1/projects/hospital-management-frontend:addFirebase [none]
[debug] [2024-10-20T11:41:05.647Z] <<< [apiv2][status] POST https://firebase.googleapis.com/v1beta1/projects/hospital-management-frontend:addFirebase 403
[debug] [2024-10-20T11:41:05.647Z] <<< [apiv2][body] POST https://firebase.googleapis.com/v1beta1/projects/hospital-management-frontend:addFirebase {"error":{"code":403,"message":"The caller does not have permission","status":"PERMISSION_DENIED"}}
[debug] [2024-10-20T11:41:05.648Z] HTTP Error: 403, The caller does not have permission
[debug] [2024-10-20T11:41:05.826Z] FirebaseError: HTTP Error: 403, The caller does not have permission
    at responseToError (/opt/homebrew/lib/node_modules/firebase-tools/lib/responseToError.js:49:12)
    at RetryOperation._fn (/opt/homebrew/lib/node_modules/firebase-tools/lib/apiv2.js:312:77)
    at process.processTicksAndRejections (node:internal/process/task_queues:95:5)
[error] 
[error] Error: Failed to add Firebase to Google Cloud Platform project. See firebase-debug.log for more info.
